  SectionA.cpp
C:\dev\Bugd\Bugd\SectionA.cpp(1,10): warning C4067: unexpected tokens following preprocessor directive - expected a newline
C:\dev\Bugd\Bugd\SectionA.cpp(2,10): warning C4067: unexpected tokens following preprocessor directive - expected a newline
C:\dev\Bugd\Bugd\SectionA.cpp(24,11): error C3861: 'InvalidGradeException': identifier not found
C:\dev\Bugd\Bugd\SectionA.cpp(26,11): error C3861: 'InvalidGradeException': identifier not found
C:\dev\Bugd\Bugd\SectionA.cpp(64,17): error C2059: syntax error: ']'
C:\dev\Bugd\Bugd\SectionA.cpp(64,21): error C2143: syntax error: missing ';' before '{'
C:\dev\Bugd\Bugd\SectionA.cpp(64,40): error C2143: syntax error: missing ';' before '}'
  SectionB1.cpp
  Source.cpp
C:\dev\Bugd\Bugd\Source.cpp(4,34): error C4430: missing type specifier - int assumed. Note: C++ does not support default-int
C:\dev\Bugd\Bugd\Source.cpp(4,27): error C2143: syntax error: missing ',' before '&'
C:\dev\Bugd\Bugd\Source.cpp(7,22): error C3646: 'getMessage': unknown override specifier
C:\dev\Bugd\Bugd\Source.cpp(7,22): error C2059: syntax error: '('
C:\dev\Bugd\Bugd\Source.cpp(7,31): error C2334: unexpected token(s) preceding '{'; skipping apparent function body
C:\dev\Bugd\Bugd\Source.cpp(9,16): error C3646: 'msg_': unknown override specifier
C:\dev\Bugd\Bugd\Source.cpp(9,16): error C4430: missing type specifier - int assumed. Note: C++ does not support default-int
C:\dev\Bugd\Bugd\Source.cpp(4,41): error C2065: 'msg': undeclared identifier
C:\dev\Bugd\Bugd\Source.cpp(4,36): error C2614: 'Exception': illegal member initialization: 'msg_' is not a base or member
C:\dev\Bugd\Bugd\Source.cpp(13,33): error C2440: '<function-style-cast>': cannot convert from 'const char [9]' to 'Exception'
C:\dev\Bugd\Bugd\Source.cpp(13,33): message : No constructor could take the source type, or constructor overload resolution was ambiguous
C:\dev\Bugd\Bugd\Source.cpp(13,11): error C2064: term does not evaluate to a function taking 1 arguments
C:\dev\Bugd\Bugd\Source.cpp(22,9): error C2065: 'cout': undeclared identifier
C:\dev\Bugd\Bugd\Source.cpp(22,59): error C2039: 'getMessage': is not a member of 'Exception'
C:\dev\Bugd\Bugd\Source.cpp(1): message : see declaration of 'Exception'
C:\dev\Bugd\Bugd\Source.cpp(22,65): error C2065: 'endl': undeclared identifier
  Generating Code...
